#
# There is insufficient memory for the Java Runtime Environment to continue.
# Native memory allocation (mmap) failed to map 266338304 bytes for Failed to commit area from 0x0000000702600000 to 0x0000000712400000 of length 266338304.
# Possible reasons:
#   The system is out of physical RAM or swap space
#   The process is running with CompressedOops enabled, and the Java Heap may be blocking the growth of the native heap
# Possible solutions:
#   Reduce memory load on the system
#   Increase physical memory or swap space
#   Check if swap backing store is full
#   Decrease Java heap size (-Xmx/-Xms)
#   Decrease number of Java threads
#   Decrease Java thread stack sizes (-Xss)
#   Set larger code cache with -XX:ReservedCodeCacheSize=
#   JVM is running with Zero Based Compressed Oops mode in which the Java heap is
#     placed in the first 32GB address space. The Java Heap base address is the
#     maximum limit for the native heap growth. Please use -XX:HeapBaseMinAddress
#     to set the Java Heap base and to place the Java Heap above 32GB virtual address.
# This output file may be truncated or incomplete.
#
#  Out of Memory Error (t:/workspace/open/src/hotspot/os/windows/os_windows.cpp:3315), pid=11456, tid=9808
#
# JRE version:  (14.0+36) (build )
# Java VM: Java HotSpot(TM) 64-Bit Server VM (14+36-1461, mixed mode, sharing, tiered, compressed oops, g1 gc, windows-amd64)
# No core dump will be written. Minidumps are not enabled by default on client versions of Windows
#

---------------  S U M M A R Y ------------

Command Line: -Dfile.encoding=Cp1252 -XX:+ShowCodeDetailsInExceptionMessages com.coavionnage.jetty_jersey.JettyMain

Host: Intel(R) Core(TM) i5-7300U CPU @ 2.60GHz, 4 cores, 15G,  Windows 10 , 64 bit Build 19041 (10.0.19041.928)
Time: Sat May  1 23:47:42 2021 Paris, Madrid (heure d’été) elapsed time: 0 seconds (0d 0h 0m 0s)

---------------  T H R E A D  ---------------

Current thread (0x000002047108f800):  JavaThread "Unknown thread" [_thread_in_vm, id=9808, stack(0x0000008572900000,0x0000008572a00000)]

Stack: [0x0000008572900000,0x0000008572a00000]
Native frames: (J=compiled Java code, j=interpreted, Vv=VM code, C=native code)
V  [jvm.dll+0x5f83ea]
V  [jvm.dll+0x741e2a]
V  [jvm.dll+0x7435df]
V  [jvm.dll+0x743c23]
V  [jvm.dll+0x20d268]
V  [jvm.dll+0x5f579a]
V  [jvm.dll+0x5ea5f5]
V  [jvm.dll+0x2c7e7c]
V  [jvm.dll+0x2c7cb2]
V  [jvm.dll+0x2cdb9c]
V  [jvm.dll+0x313fd8]
V  [jvm.dll+0x313700]
V  [jvm.dll+0x2a090a]
V  [jvm.dll+0x2a1a59]
V  [jvm.dll+0x71f6f8]
V  [jvm.dll+0x321c24]
V  [jvm.dll+0x700aec]
V  [jvm.dll+0x392ddf]
V  [jvm.dll+0x394e51]
C  [jli.dll+0x523b]
C  [ucrtbase.dll+0x21bb2]
C  [KERNEL32.DLL+0x17034]
C  [ntdll.dll+0x52651]


---------------  P R O C E S S  ---------------

Threads class SMR info:
_java_thread_list=0x00007ffbe7584078, length=0, elements={
}

Java Threads: ( => current thread )

Other Threads:
  0x00000204710f6800 GCTaskThread "GC Thread#0" [stack: 0x0000008572a00000,0x0000008572b00000] [id=22224]
  0x0000020471118800 ConcurrentGCThread "G1 Main Marker" [stack: 0x0000008572b00000,0x0000008572c00000] [id=15860]
  0x000002047111a800 ConcurrentGCThread "G1 Conc#0" [stack: 0x0000008572c00000,0x0000008572d00000] [id=17808]

[error occurred during error reporting (printing all threads), id 0xc0000005, EXCEPTION_ACCESS_VIOLATION (0xc0000005) at pc=0x00007ffbe6db1237]

VM state:not at safepoint (not fully initialized)

VM Mutex/Monitor currently owned by a thread:  ([mutex/lock_event])
[0x000002047108a840] Heap_lock - owner thread: 0x000002047108f800

Heap address: 0x0000000702600000, size: 4058 MB, Compressed Oops mode: Zero based, Oop shift amount: 3
Narrow klass base: 0x0000000000000000, Narrow klass shift: 0

GC Heap History (0 events):
No events

Deoptimization events (0 events):
No events

Classes unloaded (0 events):
No events

Classes redefined (0 events):
No events

Internal exceptions (0 events):
No events

Events (2 events):
Event: 0.024 Loaded shared library C:\Program Files\Java\jdk-14\bin\java.dll
Event: 0.025 Loaded shared library C:\Program Files\Java\jdk-14\bin\zip.dll


Dynamic libraries:
0x00007ff78a000000 - 0x00007ff78a00f000 	C:\Program Files\Java\jdk-14\bin\javaw.exe
0x00007ffc61870000 - 0x00007ffc61a65000 	C:\WINDOWS\SYSTEM32\ntdll.dll
0x00007ffc5f8d0000 - 0x00007ffc5f98d000 	C:\WINDOWS\System32\KERNEL32.DLL
0x00007ffc5f2f0000 - 0x00007ffc5f5b8000 	C:\WINDOWS\System32\KERNELBASE.dll
0x00007ffc5efb0000 - 0x00007ffc5f0b0000 	C:\WINDOWS\System32\ucrtbase.dll
0x00007ffc52390000 - 0x00007ffc523a8000 	C:\Program Files\Java\jdk-14\bin\jli.dll
0x00007ffc523b0000 - 0x00007ffc523c5000 	C:\Program Files\Java\jdk-14\bin\VCRUNTIME140.dll
0x00007ffc5fe20000 - 0x00007ffc5fecc000 	C:\WINDOWS\System32\ADVAPI32.dll
0x00007ffc60610000 - 0x00007ffc606ae000 	C:\WINDOWS\System32\msvcrt.dll
0x00007ffc61330000 - 0x00007ffc613cb000 	C:\WINDOWS\System32\sechost.dll
0x00007ffc604e0000 - 0x00007ffc6060b000 	C:\WINDOWS\System32\RPCRT4.dll
0x00007ffc61190000 - 0x00007ffc61330000 	C:\WINDOWS\System32\USER32.dll
0x00007ffc5f850000 - 0x00007ffc5f872000 	C:\WINDOWS\System32\win32u.dll
0x00007ffc614c0000 - 0x00007ffc614ea000 	C:\WINDOWS\System32\GDI32.dll
0x00007ffc5f130000 - 0x00007ffc5f23b000 	C:\WINDOWS\System32\gdi32full.dll
0x00007ffc5f5c0000 - 0x00007ffc5f65d000 	C:\WINDOWS\System32\msvcp_win.dll
0x00007ffc41ef0000 - 0x00007ffc4218a000 	C:\WINDOWS\WinSxS\amd64_microsoft.windows.common-controls_6595b64144ccf1df_6.0.19041.844_none_ca00b6081b84eb1d\COMCTL32.dll
0x00007ffc54540000 - 0x00007ffc5454a000 	C:\WINDOWS\SYSTEM32\VERSION.dll
0x00007ffc606b0000 - 0x00007ffc606e0000 	C:\WINDOWS\System32\IMM32.DLL
0x00007ffc35d00000 - 0x00007ffc35d9b000 	C:\Program Files\Java\jdk-14\bin\msvcp140.dll
0x00007ffbe6b00000 - 0x00007ffbe761f000 	C:\Program Files\Java\jdk-14\bin\server\jvm.dll
0x00007ffc608e0000 - 0x00007ffc608e8000 	C:\WINDOWS\System32\PSAPI.DLL
0x00007ffc22ed0000 - 0x00007ffc22ed9000 	C:\WINDOWS\SYSTEM32\WSOCK32.dll
0x00007ffc60470000 - 0x00007ffc604db000 	C:\WINDOWS\System32\WS2_32.dll
0x00007ffc432d0000 - 0x00007ffc432f7000 	C:\WINDOWS\SYSTEM32\WINMM.dll
0x00007ffc5d8b0000 - 0x00007ffc5d8c2000 	C:\WINDOWS\SYSTEM32\kernel.appcore.dll
0x00007ffc5b600000 - 0x00007ffc5b60a000 	C:\Program Files\Java\jdk-14\bin\jimage.dll
0x00007ffc5cde0000 - 0x00007ffc5cfc4000 	C:\WINDOWS\SYSTEM32\DBGHELP.DLL
0x00007ffc48b20000 - 0x00007ffc48b4c000 	C:\WINDOWS\SYSTEM32\dbgcore.DLL
0x00007ffc5f0b0000 - 0x00007ffc5f130000 	C:\WINDOWS\System32\bcryptPrimitives.dll
0x00007ffc530c0000 - 0x00007ffc530e5000 	C:\Program Files\Java\jdk-14\bin\java.dll
0x00007ffc566f0000 - 0x00007ffc56707000 	C:\Program Files\Java\jdk-14\bin\zip.dll

dbghelp: loaded successfully - version: 4.0.5 - missing functions: none
symbol engine: initialized successfully - sym options: 0x614 - pdb path: .;C:\Program Files\Java\jdk-14\bin;C:\WINDOWS\SYSTEM32;C:\WINDOWS\WinSxS\amd64_microsoft.windows.common-controls_6595b64144ccf1df_6.0.19041.844_none_ca00b6081b84eb1d;C:\Program Files\Java\jdk-14\bin\server

VM Arguments:
jvm_args: -Dfile.encoding=Cp1252 -XX:+ShowCodeDetailsInExceptionMessages 
java_command: com.coavionnage.jetty_jersey.JettyMain
java_class_path (initial): F:\eclipse-workspace\prijet_GLA\target\classes;C:\Users\Shuvo Das\.p2\pool\plugins\org.junit.jupiter.api_5.7.0.v20201026-1537.jar;C:\Users\Shuvo Das\.p2\pool\plugins\org.junit.jupiter.engine_5.7.0.v20201026-1537.jar;C:\Users\Shuvo Das\.p2\pool\plugins\org.junit.jupiter.migrationsupport_5.7.0.v20201026-1537.jar;C:\Users\Shuvo Das\.p2\pool\plugins\org.junit.jupiter.params_5.7.0.v20201026-1537.jar;C:\Users\Shuvo Das\.p2\pool\plugins\org.junit.platform.commons_1.7.0.v20201026-1537.jar;C:\Users\Shuvo Das\.p2\pool\plugins\org.junit.platform.engine_1.7.0.v20201026-1537.jar;C:\Users\Shuvo Das\.p2\pool\plugins\org.junit.platform.launcher_1.7.0.v20201026-1537.jar;C:\Users\Shuvo Das\.p2\pool\plugins\org.junit.platform.runner_1.7.0.v20201026-1537.jar;C:\Users\Shuvo Das\.p2\pool\plugins\org.junit.platform.suite.api_1.7.0.v20201026-1537.jar;C:\Users\Shuvo Das\.p2\pool\plugins\org.junit.vintage.engine_5.7.0.v20201026-1537.jar;C:\Users\Shuvo Das\.p2\pool\plugins\org.opentest4j_1.2.0.v20190826-0900.jar;C:\Users\Shuvo Das\.p2\pool\plugins\org.apiguardian_1.1.0.v20190826-0900.jar;C:\Users\Shuvo Das\.p2\pool\plugins\org.junit_4.13.0.v20200204-1500.jar;C:\Users\Shuvo Das\.p2\pool\plugins\org.hamcrest.core_1.3.0.v20180420-1519.jar;F:\eclipse-workspace\datanucleus-master\target\classes;F:\eclipse-workspace\datanucleus-master\target\test-classes;C:\Users\Shuvo Das\.m2\repository\org\datanucleus\datanucleus-core\4.0.3\datanucleus-core-4.0.3.jar;C:\Users\Shuvo Das\.m2\repository\org\datanucleus\datanucleus-api-jdo\4.0.3\datanucleus-api-jdo-4.0.3.jar;C:\Users\Shuvo Das\.m2\repository\org\datanucleus\datanucleus-jodatime\4.0.3\datanucleus-jodatime-4.0.3.jar;C:\Users\Shuvo Das\.m2\repository\org\datanucleus\datanucleus-rdbms\4.0.3\datanucleus-rdbms-4.0.3.jar;C:\Users\Shuvo Das\.m2\repository\javax\jdo\jdo-api\3.1-rc1\jdo-api-3.1-rc1.jar;C:\Users\Shuvo Das\.m2\repository\javax\transaction\transaction-api\1.1\transaction-api-1.1.jar;C:\Users\Shuvo Das\.m2\repository\h
Launcher Type: SUN_STANDARD

[Global flags]
     intx CICompilerCount                          = 3                                         {product} {ergonomic}
     uint ConcGCThreads                            = 1                                         {product} {ergonomic}
     uint G1ConcRefinementThreads                  = 4                                         {product} {ergonomic}
   size_t G1HeapRegionSize                         = 1048576                                   {product} {ergonomic}
    uintx GCDrainStackTargetSize                   = 64                                        {product} {ergonomic}
   size_t InitialHeapSize                          = 266338304                                 {product} {ergonomic}
   size_t MarkStackSize                            = 4194304                                   {product} {ergonomic}
   size_t MaxHeapSize                              = 4255121408                                {product} {ergonomic}
   size_t MinHeapDeltaBytes                        = 1048576                                   {product} {ergonomic}
   size_t MinHeapSize                              = 8388608                                   {product} {ergonomic}
    uintx NonNMethodCodeHeapSize                   = 5832780                                {pd product} {ergonomic}
    uintx NonProfiledCodeHeapSize                  = 122912730                              {pd product} {ergonomic}
    uintx ProfiledCodeHeapSize                     = 122912730                              {pd product} {ergonomic}
    uintx ReservedCodeCacheSize                    = 251658240                              {pd product} {ergonomic}
     bool SegmentedCodeCache                       = true                                      {product} {ergonomic}
     bool ShowCodeDetailsInExceptionMessages       = true                                   {manageable} {command line}
   size_t SoftMaxHeapSize                          = 4255121408                             {manageable} {ergonomic}
     bool UseCompressedClassPointers               = true                                 {lp64_product} {ergonomic}
     bool UseCompressedOops                        = true                                 {lp64_product} {ergonomic}
     bool UseG1GC                                  = true                                      {product} {ergonomic}
     bool UseLargePagesIndividualAllocation        = false                                  {pd product} {ergonomic}

Logging:
Log output configuration:
 #0: stdout all=warning uptime,level,tags
 #1: stderr all=off uptime,level,tags

Environment Variables:
PATH=C:/Program Files/Java/jdk-14/bin/server;C:/Program Files/Java/jdk-14/bin;C:\Program Files\Java\jdk\bin;C:\WINDOWS\system32;C:\WINDOWS;C:\WINDOWS\System32\Wbem;C:\WINDOWS\System32\WindowsPowerShell\v1.0\;C:\WINDOWS\System32\OpenSSH\;C:\Program Files\Java\jdk-14\bin;C:\Program Files (x86)\PuTTY\;C:\Program Files\Git\cmd;C:\Program Files\PuTTY\;C:\Program Files (x86)\QuickTime\QTSystem\;C:\Users\Shuvo Das\AppData\Local\Programs\Python\Python39\Scripts\;C:\Users\Shuvo Das\AppData\Local\Programs\Python\Python39\;C:\Users\Shuvo Das\AppData\Local\Microsoft\WindowsApps;C:\Users\Shuvo Das\AppData\Local\Programs\Microsoft VS Code\bin;C:\MinGW\bin;C:\ProgramData\Shuvo Das\atom\bin;C:\WINDOWS\system32;
USERNAME=Shuvo Das
OS=Windows_NT
PROCESSOR_IDENTIFIER=Intel64 Family 6 Model 142 Stepping 9, GenuineIntel



---------------  S Y S T E M  ---------------

OS: Windows 10 , 64 bit Build 19041 (10.0.19041.928)
OS uptime: 5 days 3:19 hours
HyperV virtualization detected

CPU:total 4 (initial active 4) (2 cores per cpu, 2 threads per core) family 6 model 142 stepping 9, cmov, cx8, fxsr, mmx, sse, sse2, sse3, ssse3, sse4.1, sse4.2, popcnt, avx, avx2, aes, clmul, erms, rtm, 3dnowpref, lzcnt, ht, tsc, tscinvbit, bmi1, bmi2, adx, fma

Memory: 4k page, system-wide physical 16227M (2643M free)
TotalPageFile size 24692M (AvailPageFile size 134M)
current process WorkingSet (physical memory assigned to process): 10M, peak: 10M
current process commit charge ("private bytes"): 52M, peak: 306M

vm_info: Java HotSpot(TM) 64-Bit Server VM (14+36-1461) for windows-amd64 JRE (14+36-1461), built on Feb  6 2020 19:08:04 by "mach5one" with MS VC++ 15.9 (VS2017)

END.
